<?xml version="1.0" encoding="UTF-8"?>
<!-- Generated by org.testng.reporters.JUnitXMLReporter -->
<testsuite ignored="0" hostname="Pournima" failures="0" tests="14" name="Automation Test Cases" time="116.194" errors="0" timestamp="2024-10-09T12:25:08 IST">
  <testcase classname="testcases.RegisterTest" name="VerifyRegisterWithMandates" time="1.845"/>
  <testcase classname="testcases.RegisterTest" name="verifyRegisterAccountByProvidingAllFields" time="1.86"/>
  <testcase classname="testcases.RegisterTest" name="verifyRegisterwithExistingAccount" time="1.369"/>
  <testcase classname="testcases.RegisterTest" name="verifyRegisterwithoutEnetringDetails" time="0.522"/>
  <testcase classname="testcases.LoginTest" name="verifyLoginWithValidCredentials" time="1.042"/>
  <testcase classname="testcases.LoginTest" name="verifyLoginWithValidCredentials" time="1.065"/>
  <testcase classname="testcases.LoginTest" name="verifyLoginWithValidCredentials" time="1.109"/>
  <testcase classname="testcases.LoginTest" name="verifyLoginWithInvalidCredentials" time="1.057"/>
  <testcase classname="testcases.LoginTest" name="verifyLoginWithvalidEmailAndInvalidPassword" time="0.921"/>
  <testcase classname="testcases.LoginTest" name="verifyLoginWithoutCredentials" time="0.656"/>
  <testcase classname="testcases.SearchTest" name="verifySearchWithValidProduct" time="0.527"/>
  <testcase classname="testcases.SearchTest" name="verifySearchWithInValidProduct" time="0.513"/>
  <testcase classname="testcases.SearchTest" name="verifySearchWithoutAnyProduct" time="3.938"/>
  <testcase classname="testcases.OrderProduct" name="VerifyOrderProduct" time="3.22"/>
</testsuite> <!-- Automation Test Cases -->
