<?xml version="1.0" encoding="UTF-8"?>
<!-- Generated by org.testng.reporters.JUnitXMLReporter -->
<testsuite ignored="0" hostname="Pournima" failures="0" tests="13" name="Automation Test Cases" time="63.509" errors="0" timestamp="2024-10-02T17:54:43 IST">
  <testcase classname="testcases.RegisterTest" name="VerifyRegisterWithMandates" time="1.691"/>
  <testcase classname="testcases.RegisterTest" name="verifyRegisterAccountByProvidingAllFields" time="1.704"/>
  <testcase classname="testcases.RegisterTest" name="verifyRegisterwithExistingAccount" time="1.383"/>
  <testcase classname="testcases.RegisterTest" name="verifyRegisterwithoutEnetringDetails" time="0.574"/>
  <testcase classname="testcases.LoginTest" name="verifyLoginWithValidCredentials" time="0.942"/>
  <testcase classname="testcases.LoginTest" name="verifyLoginWithValidCredentials" time="0.92"/>
  <testcase classname="testcases.LoginTest" name="verifyLoginWithValidCredentials" time="0.967"/>
  <testcase classname="testcases.LoginTest" name="verifyLoginWithInvalidCredentials" time="0.895"/>
  <testcase classname="testcases.LoginTest" name="verifyLoginWithvalidEmailAndInvalidPassword" time="0.844"/>
  <testcase classname="testcases.LoginTest" name="verifyLoginWithoutCredentials" time="0.676"/>
  <testcase classname="testcases.SearchTest" name="verifySearchWithValidProduct" time="0.477"/>
  <testcase classname="testcases.SearchTest" name="verifySearchWithInValidProduct" time="0.496"/>
  <testcase classname="testcases.SearchTest" name="verifySearchWithoutAnyProduct" time="0.3"/>
</testsuite> <!-- Automation Test Cases -->
