<?xml version="1.0" encoding="UTF-8"?>
<testng-results ignored="0" total="14" passed="14" failed="0" skipped="0">
  <reporter-output>
  </reporter-output>
  <suite started-at="2024-10-09T12:23:10 IST" name="Automation Suite" finished-at="2024-10-09T12:25:06 IST" duration-ms="116194">
    <groups>
    </groups>
    <test started-at="2024-10-09T12:23:10 IST" name="Automation Test Cases" finished-at="2024-10-09T12:25:06 IST" duration-ms="116194">
      <class name="testcases.OrderProduct">
        <test-method is-config="true" signature="setup()[pri:0, instance:testcases.OrderProduct@279fedbd]" started-at="2024-10-09T12:24:51 IST" name="setup" finished-at="2024-10-09T12:25:03 IST" duration-ms="11704" status="PASS">
          <reporter-output>
          </reporter-output>
        </test-method> <!-- setup -->
        <test-method signature="VerifyOrderProduct()[pri:1, instance:testcases.OrderProduct@279fedbd]" started-at="2024-10-09T12:25:03 IST" name="VerifyOrderProduct" finished-at="2024-10-09T12:25:06 IST" duration-ms="3220" status="PASS">
          <reporter-output>
          </reporter-output>
        </test-method> <!-- VerifyOrderProduct -->
        <test-method is-config="true" signature="tearDown()[pri:0, instance:testcases.OrderProduct@279fedbd]" started-at="2024-10-09T12:25:06 IST" name="tearDown" finished-at="2024-10-09T12:25:06 IST" duration-ms="257" status="PASS">
          <reporter-output>
          </reporter-output>
        </test-method> <!-- tearDown -->
      </class> <!-- testcases.OrderProduct -->
      <class name="testcases.RegisterTest">
        <test-method is-config="true" signature="setup()[pri:0, instance:testcases.RegisterTest@1573f9fc]" started-at="2024-10-09T12:23:11 IST" name="setup" finished-at="2024-10-09T12:23:31 IST" duration-ms="20864" status="PASS">
          <reporter-output>
          </reporter-output>
        </test-method> <!-- setup -->
        <test-method signature="VerifyRegisterWithMandates()[pri:1, instance:testcases.RegisterTest@1573f9fc]" started-at="2024-10-09T12:23:31 IST" name="VerifyRegisterWithMandates" finished-at="2024-10-09T12:23:33 IST" duration-ms="1845" status="PASS">
          <reporter-output>
          </reporter-output>
        </test-method> <!-- VerifyRegisterWithMandates -->
        <test-method is-config="true" signature="tearDown()[pri:0, instance:testcases.RegisterTest@1573f9fc]" started-at="2024-10-09T12:23:33 IST" name="tearDown" finished-at="2024-10-09T12:23:33 IST" duration-ms="230" status="PASS">
          <reporter-output>
          </reporter-output>
        </test-method> <!-- tearDown -->
        <test-method is-config="true" signature="setup()[pri:0, instance:testcases.RegisterTest@1573f9fc]" started-at="2024-10-09T12:23:33 IST" name="setup" finished-at="2024-10-09T12:23:39 IST" duration-ms="5695" status="PASS">
          <reporter-output>
          </reporter-output>
        </test-method> <!-- setup -->
        <test-method signature="verifyRegisterAccountByProvidingAllFields()[pri:2, instance:testcases.RegisterTest@1573f9fc]" started-at="2024-10-09T12:23:39 IST" name="verifyRegisterAccountByProvidingAllFields" finished-at="2024-10-09T12:23:41 IST" duration-ms="1860" status="PASS">
          <reporter-output>
          </reporter-output>
        </test-method> <!-- verifyRegisterAccountByProvidingAllFields -->
        <test-method is-config="true" signature="tearDown()[pri:0, instance:testcases.RegisterTest@1573f9fc]" started-at="2024-10-09T12:23:41 IST" name="tearDown" finished-at="2024-10-09T12:23:41 IST" duration-ms="206" status="PASS">
          <reporter-output>
          </reporter-output>
        </test-method> <!-- tearDown -->
        <test-method is-config="true" signature="setup()[pri:0, instance:testcases.RegisterTest@1573f9fc]" started-at="2024-10-09T12:23:41 IST" name="setup" finished-at="2024-10-09T12:23:44 IST" duration-ms="2851" status="PASS">
          <reporter-output>
          </reporter-output>
        </test-method> <!-- setup -->
        <test-method signature="verifyRegisterwithExistingAccount()[pri:3, instance:testcases.RegisterTest@1573f9fc]" started-at="2024-10-09T12:23:44 IST" name="verifyRegisterwithExistingAccount" finished-at="2024-10-09T12:23:45 IST" duration-ms="1369" status="PASS">
          <reporter-output>
          </reporter-output>
        </test-method> <!-- verifyRegisterwithExistingAccount -->
        <test-method is-config="true" signature="tearDown()[pri:0, instance:testcases.RegisterTest@1573f9fc]" started-at="2024-10-09T12:23:45 IST" name="tearDown" finished-at="2024-10-09T12:23:46 IST" duration-ms="207" status="PASS">
          <reporter-output>
          </reporter-output>
        </test-method> <!-- tearDown -->
        <test-method is-config="true" signature="setup()[pri:0, instance:testcases.RegisterTest@1573f9fc]" started-at="2024-10-09T12:23:46 IST" name="setup" finished-at="2024-10-09T12:23:50 IST" duration-ms="4683" status="PASS">
          <reporter-output>
          </reporter-output>
        </test-method> <!-- setup -->
        <test-method signature="verifyRegisterwithoutEnetringDetails()[pri:4, instance:testcases.RegisterTest@1573f9fc]" started-at="2024-10-09T12:23:50 IST" name="verifyRegisterwithoutEnetringDetails" finished-at="2024-10-09T12:23:51 IST" duration-ms="522" status="PASS">
          <reporter-output>
          </reporter-output>
        </test-method> <!-- verifyRegisterwithoutEnetringDetails -->
        <test-method is-config="true" signature="tearDown()[pri:0, instance:testcases.RegisterTest@1573f9fc]" started-at="2024-10-09T12:23:51 IST" name="tearDown" finished-at="2024-10-09T12:23:51 IST" duration-ms="175" status="PASS">
          <reporter-output>
          </reporter-output>
        </test-method> <!-- tearDown -->
      </class> <!-- testcases.RegisterTest -->
      <class name="testcases.SearchTest">
        <test-method is-config="true" signature="setup()[pri:0, instance:testcases.SearchTest@752325ad]" started-at="2024-10-09T12:24:26 IST" name="setup" finished-at="2024-10-09T12:24:32 IST" duration-ms="5333" status="PASS">
          <reporter-output>
          </reporter-output>
        </test-method> <!-- setup -->
        <test-method signature="verifySearchWithValidProduct()[pri:1, instance:testcases.SearchTest@752325ad]" started-at="2024-10-09T12:24:32 IST" name="verifySearchWithValidProduct" finished-at="2024-10-09T12:24:32 IST" duration-ms="527" status="PASS">
          <reporter-output>
          </reporter-output>
        </test-method> <!-- verifySearchWithValidProduct -->
        <test-method is-config="true" signature="tearDown()[pri:0, instance:testcases.SearchTest@752325ad]" started-at="2024-10-09T12:24:32 IST" name="tearDown" finished-at="2024-10-09T12:24:32 IST" duration-ms="181" status="PASS">
          <reporter-output>
          </reporter-output>
        </test-method> <!-- tearDown -->
        <test-method is-config="true" signature="setup()[pri:0, instance:testcases.SearchTest@752325ad]" started-at="2024-10-09T12:24:32 IST" name="setup" finished-at="2024-10-09T12:24:44 IST" duration-ms="11548" status="PASS">
          <reporter-output>
          </reporter-output>
        </test-method> <!-- setup -->
        <test-method signature="verifySearchWithInValidProduct()[pri:2, instance:testcases.SearchTest@752325ad]" started-at="2024-10-09T12:24:44 IST" name="verifySearchWithInValidProduct" finished-at="2024-10-09T12:24:44 IST" duration-ms="513" status="PASS">
          <reporter-output>
          </reporter-output>
        </test-method> <!-- verifySearchWithInValidProduct -->
        <test-method is-config="true" signature="tearDown()[pri:0, instance:testcases.SearchTest@752325ad]" started-at="2024-10-09T12:24:44 IST" name="tearDown" finished-at="2024-10-09T12:24:45 IST" duration-ms="228" status="PASS">
          <reporter-output>
          </reporter-output>
        </test-method> <!-- tearDown -->
        <test-method is-config="true" signature="setup()[pri:0, instance:testcases.SearchTest@752325ad]" started-at="2024-10-09T12:24:45 IST" name="setup" finished-at="2024-10-09T12:24:47 IST" duration-ms="2337" status="PASS">
          <reporter-output>
          </reporter-output>
        </test-method> <!-- setup -->
        <test-method signature="verifySearchWithoutAnyProduct()[pri:3, instance:testcases.SearchTest@752325ad]" started-at="2024-10-09T12:24:47 IST" name="verifySearchWithoutAnyProduct" finished-at="2024-10-09T12:24:51 IST" duration-ms="3938" status="PASS">
          <reporter-output>
          </reporter-output>
        </test-method> <!-- verifySearchWithoutAnyProduct -->
        <test-method is-config="true" signature="tearDown()[pri:0, instance:testcases.SearchTest@752325ad]" started-at="2024-10-09T12:24:51 IST" name="tearDown" finished-at="2024-10-09T12:24:51 IST" duration-ms="207" status="PASS">
          <reporter-output>
          </reporter-output>
        </test-method> <!-- tearDown -->
      </class> <!-- testcases.SearchTest -->
      <class name="testcases.LoginTest">
        <test-method is-config="true" signature="setup()[pri:0, instance:testcases.LoginTest@2a5c8d3f]" started-at="2024-10-09T12:23:52 IST" name="setup" finished-at="2024-10-09T12:23:58 IST" duration-ms="6368" status="PASS">
          <reporter-output>
          </reporter-output>
        </test-method> <!-- setup -->
        <test-method signature="verifyLoginWithValidCredentials(java.lang.String,java.lang.String)[pri:1, instance:testcases.LoginTest@2a5c8d3f]" started-at="2024-10-09T12:23:58 IST" name="verifyLoginWithValidCredentials" data-provider="ValidCredentialsSupplier" finished-at="2024-10-09T12:23:59 IST" duration-ms="1042" status="PASS">
          <params>
            <param index="0">
              <value>
                <![CDATA[pvijayardalkar112297@gmail.com]]>
              </value>
            </param>
            <param index="1">
              <value>
                <![CDATA[12345]]>
              </value>
            </param>
          </params>
          <reporter-output>
          </reporter-output>
        </test-method> <!-- verifyLoginWithValidCredentials -->
        <test-method is-config="true" signature="tearDown()[pri:0, instance:testcases.LoginTest@2a5c8d3f]" started-at="2024-10-09T12:23:59 IST" name="tearDown" finished-at="2024-10-09T12:23:59 IST" duration-ms="236" status="PASS">
          <reporter-output>
          </reporter-output>
        </test-method> <!-- tearDown -->
        <test-method is-config="true" signature="setup()[pri:0, instance:testcases.LoginTest@2a5c8d3f]" started-at="2024-10-09T12:23:59 IST" name="setup" finished-at="2024-10-09T12:24:05 IST" duration-ms="5591" status="PASS">
          <reporter-output>
          </reporter-output>
        </test-method> <!-- setup -->
        <test-method signature="verifyLoginWithValidCredentials(java.lang.String,java.lang.String)[pri:1, instance:testcases.LoginTest@2a5c8d3f]" started-at="2024-10-09T12:24:05 IST" name="verifyLoginWithValidCredentials" data-provider="ValidCredentialsSupplier" finished-at="2024-10-09T12:24:06 IST" duration-ms="1065" status="PASS">
          <params>
            <param index="0">
              <value>
                <![CDATA[piyagosh4561@gmail.com]]>
              </value>
            </param>
            <param index="1">
              <value>
                <![CDATA[12345]]>
              </value>
            </param>
          </params>
          <reporter-output>
          </reporter-output>
        </test-method> <!-- verifyLoginWithValidCredentials -->
        <test-method is-config="true" signature="tearDown()[pri:0, instance:testcases.LoginTest@2a5c8d3f]" started-at="2024-10-09T12:24:06 IST" name="tearDown" finished-at="2024-10-09T12:24:06 IST" duration-ms="238" status="PASS">
          <reporter-output>
          </reporter-output>
        </test-method> <!-- tearDown -->
        <test-method is-config="true" signature="setup()[pri:0, instance:testcases.LoginTest@2a5c8d3f]" started-at="2024-10-09T12:24:06 IST" name="setup" finished-at="2024-10-09T12:24:10 IST" duration-ms="3770" status="PASS">
          <reporter-output>
          </reporter-output>
        </test-method> <!-- setup -->
        <test-method signature="verifyLoginWithValidCredentials(java.lang.String,java.lang.String)[pri:1, instance:testcases.LoginTest@2a5c8d3f]" started-at="2024-10-09T12:24:10 IST" name="verifyLoginWithValidCredentials" data-provider="ValidCredentialsSupplier" finished-at="2024-10-09T12:24:11 IST" duration-ms="1109" status="PASS">
          <params>
            <param index="0">
              <value>
                <![CDATA[vinkare@gmail.com]]>
              </value>
            </param>
            <param index="1">
              <value>
                <![CDATA[12345]]>
              </value>
            </param>
          </params>
          <reporter-output>
          </reporter-output>
        </test-method> <!-- verifyLoginWithValidCredentials -->
        <test-method is-config="true" signature="tearDown()[pri:0, instance:testcases.LoginTest@2a5c8d3f]" started-at="2024-10-09T12:24:11 IST" name="tearDown" finished-at="2024-10-09T12:24:11 IST" duration-ms="240" status="PASS">
          <reporter-output>
          </reporter-output>
        </test-method> <!-- tearDown -->
        <test-method is-config="true" signature="setup()[pri:0, instance:testcases.LoginTest@2a5c8d3f]" started-at="2024-10-09T12:24:11 IST" name="setup" finished-at="2024-10-09T12:24:16 IST" duration-ms="4556" status="PASS">
          <reporter-output>
          </reporter-output>
        </test-method> <!-- setup -->
        <test-method signature="verifyLoginWithInvalidCredentials()[pri:2, instance:testcases.LoginTest@2a5c8d3f]" started-at="2024-10-09T12:24:16 IST" name="verifyLoginWithInvalidCredentials" finished-at="2024-10-09T12:24:17 IST" duration-ms="1057" status="PASS">
          <reporter-output>
          </reporter-output>
        </test-method> <!-- verifyLoginWithInvalidCredentials -->
        <test-method is-config="true" signature="tearDown()[pri:0, instance:testcases.LoginTest@2a5c8d3f]" started-at="2024-10-09T12:24:17 IST" name="tearDown" finished-at="2024-10-09T12:24:17 IST" duration-ms="212" status="PASS">
          <reporter-output>
          </reporter-output>
        </test-method> <!-- tearDown -->
        <test-method is-config="true" signature="setup()[pri:0, instance:testcases.LoginTest@2a5c8d3f]" started-at="2024-10-09T12:24:17 IST" name="setup" finished-at="2024-10-09T12:24:20 IST" duration-ms="2421" status="PASS">
          <reporter-output>
          </reporter-output>
        </test-method> <!-- setup -->
        <test-method signature="verifyLoginWithvalidEmailAndInvalidPassword()[pri:4, instance:testcases.LoginTest@2a5c8d3f]" started-at="2024-10-09T12:24:20 IST" name="verifyLoginWithvalidEmailAndInvalidPassword" finished-at="2024-10-09T12:24:21 IST" duration-ms="921" status="PASS">
          <reporter-output>
          </reporter-output>
        </test-method> <!-- verifyLoginWithvalidEmailAndInvalidPassword -->
        <test-method is-config="true" signature="tearDown()[pri:0, instance:testcases.LoginTest@2a5c8d3f]" started-at="2024-10-09T12:24:21 IST" name="tearDown" finished-at="2024-10-09T12:24:21 IST" duration-ms="175" status="PASS">
          <reporter-output>
          </reporter-output>
        </test-method> <!-- tearDown -->
        <test-method is-config="true" signature="setup()[pri:0, instance:testcases.LoginTest@2a5c8d3f]" started-at="2024-10-09T12:24:21 IST" name="setup" finished-at="2024-10-09T12:24:25 IST" duration-ms="4566" status="PASS">
          <reporter-output>
          </reporter-output>
        </test-method> <!-- setup -->
        <test-method signature="verifyLoginWithoutCredentials()[pri:5, instance:testcases.LoginTest@2a5c8d3f]" started-at="2024-10-09T12:24:25 IST" name="verifyLoginWithoutCredentials" finished-at="2024-10-09T12:24:26 IST" duration-ms="656" status="PASS">
          <reporter-output>
          </reporter-output>
        </test-method> <!-- verifyLoginWithoutCredentials -->
        <test-method is-config="true" signature="tearDown()[pri:0, instance:testcases.LoginTest@2a5c8d3f]" started-at="2024-10-09T12:24:26 IST" name="tearDown" finished-at="2024-10-09T12:24:26 IST" duration-ms="259" status="PASS">
          <reporter-output>
          </reporter-output>
        </test-method> <!-- tearDown -->
      </class> <!-- testcases.LoginTest -->
    </test> <!-- Automation Test Cases -->
  </suite> <!-- Automation Suite -->
</testng-results>
