<?xml version="1.0" encoding="UTF-8"?>
<testng-results ignored="0" total="13" passed="13" failed="0" skipped="0">
  <reporter-output>
  </reporter-output>
  <suite started-at="2024-10-02T17:53:38 IST" name="Automation Suite" finished-at="2024-10-02T17:54:42 IST" duration-ms="63509">
    <groups>
    </groups>
    <test started-at="2024-10-02T17:53:38 IST" name="Automation Test Cases" finished-at="2024-10-02T17:54:42 IST" duration-ms="63509">
      <class name="testcases.RegisterTest">
        <test-method is-config="true" signature="setup()[pri:0, instance:testcases.RegisterTest@3b69e7d1]" started-at="2024-10-02T17:53:39 IST" name="setup" finished-at="2024-10-02T17:53:43 IST" duration-ms="3695" status="PASS">
          <reporter-output>
          </reporter-output>
        </test-method> <!-- setup -->
        <test-method signature="VerifyRegisterWithMandates()[pri:1, instance:testcases.RegisterTest@3b69e7d1]" started-at="2024-10-02T17:53:43 IST" name="VerifyRegisterWithMandates" finished-at="2024-10-02T17:53:44 IST" duration-ms="1691" status="PASS">
          <reporter-output>
          </reporter-output>
        </test-method> <!-- VerifyRegisterWithMandates -->
        <test-method is-config="true" signature="tearDown()[pri:0, instance:testcases.RegisterTest@3b69e7d1]" started-at="2024-10-02T17:53:44 IST" name="tearDown" finished-at="2024-10-02T17:53:45 IST" duration-ms="307" status="PASS">
          <reporter-output>
          </reporter-output>
        </test-method> <!-- tearDown -->
        <test-method is-config="true" signature="setup()[pri:0, instance:testcases.RegisterTest@3b69e7d1]" started-at="2024-10-02T17:53:45 IST" name="setup" finished-at="2024-10-02T17:53:49 IST" duration-ms="3984" status="PASS">
          <reporter-output>
          </reporter-output>
        </test-method> <!-- setup -->
        <test-method signature="verifyRegisterAccountByProvidingAllFields()[pri:2, instance:testcases.RegisterTest@3b69e7d1]" started-at="2024-10-02T17:53:49 IST" name="verifyRegisterAccountByProvidingAllFields" finished-at="2024-10-02T17:53:50 IST" duration-ms="1704" status="PASS">
          <reporter-output>
          </reporter-output>
        </test-method> <!-- verifyRegisterAccountByProvidingAllFields -->
        <test-method is-config="true" signature="tearDown()[pri:0, instance:testcases.RegisterTest@3b69e7d1]" started-at="2024-10-02T17:53:50 IST" name="tearDown" finished-at="2024-10-02T17:53:51 IST" duration-ms="205" status="PASS">
          <reporter-output>
          </reporter-output>
        </test-method> <!-- tearDown -->
        <test-method is-config="true" signature="setup()[pri:0, instance:testcases.RegisterTest@3b69e7d1]" started-at="2024-10-02T17:53:51 IST" name="setup" finished-at="2024-10-02T17:53:58 IST" duration-ms="7080" status="PASS">
          <reporter-output>
          </reporter-output>
        </test-method> <!-- setup -->
        <test-method signature="verifyRegisterwithExistingAccount()[pri:3, instance:testcases.RegisterTest@3b69e7d1]" started-at="2024-10-02T17:53:58 IST" name="verifyRegisterwithExistingAccount" finished-at="2024-10-02T17:53:59 IST" duration-ms="1383" status="PASS">
          <reporter-output>
          </reporter-output>
        </test-method> <!-- verifyRegisterwithExistingAccount -->
        <test-method is-config="true" signature="tearDown()[pri:0, instance:testcases.RegisterTest@3b69e7d1]" started-at="2024-10-02T17:53:59 IST" name="tearDown" finished-at="2024-10-02T17:53:59 IST" duration-ms="194" status="PASS">
          <reporter-output>
          </reporter-output>
        </test-method> <!-- tearDown -->
        <test-method is-config="true" signature="setup()[pri:0, instance:testcases.RegisterTest@3b69e7d1]" started-at="2024-10-02T17:53:59 IST" name="setup" finished-at="2024-10-02T17:54:05 IST" duration-ms="5689" status="PASS">
          <reporter-output>
          </reporter-output>
        </test-method> <!-- setup -->
        <test-method signature="verifyRegisterwithoutEnetringDetails()[pri:4, instance:testcases.RegisterTest@3b69e7d1]" started-at="2024-10-02T17:54:05 IST" name="verifyRegisterwithoutEnetringDetails" finished-at="2024-10-02T17:54:05 IST" duration-ms="574" status="PASS">
          <reporter-output>
          </reporter-output>
        </test-method> <!-- verifyRegisterwithoutEnetringDetails -->
        <test-method is-config="true" signature="tearDown()[pri:0, instance:testcases.RegisterTest@3b69e7d1]" started-at="2024-10-02T17:54:05 IST" name="tearDown" finished-at="2024-10-02T17:54:06 IST" duration-ms="193" status="PASS">
          <reporter-output>
          </reporter-output>
        </test-method> <!-- tearDown -->
      </class> <!-- testcases.RegisterTest -->
      <class name="testcases.SearchTest">
        <test-method is-config="true" signature="setup()[pri:0, instance:testcases.SearchTest@24aed80c]" started-at="2024-10-02T17:54:33 IST" name="setup" finished-at="2024-10-02T17:54:35 IST" duration-ms="2019" status="PASS">
          <reporter-output>
          </reporter-output>
        </test-method> <!-- setup -->
        <test-method signature="verifySearchWithValidProduct()[pri:1, instance:testcases.SearchTest@24aed80c]" started-at="2024-10-02T17:54:35 IST" name="verifySearchWithValidProduct" finished-at="2024-10-02T17:54:36 IST" duration-ms="477" status="PASS">
          <reporter-output>
          </reporter-output>
        </test-method> <!-- verifySearchWithValidProduct -->
        <test-method is-config="true" signature="tearDown()[pri:0, instance:testcases.SearchTest@24aed80c]" started-at="2024-10-02T17:54:36 IST" name="tearDown" finished-at="2024-10-02T17:54:36 IST" duration-ms="167" status="PASS">
          <reporter-output>
          </reporter-output>
        </test-method> <!-- tearDown -->
        <test-method is-config="true" signature="setup()[pri:0, instance:testcases.SearchTest@24aed80c]" started-at="2024-10-02T17:54:36 IST" name="setup" finished-at="2024-10-02T17:54:39 IST" duration-ms="3015" status="PASS">
          <reporter-output>
          </reporter-output>
        </test-method> <!-- setup -->
        <test-method signature="verifySearchWithInValidProduct()[pri:2, instance:testcases.SearchTest@24aed80c]" started-at="2024-10-02T17:54:39 IST" name="verifySearchWithInValidProduct" finished-at="2024-10-02T17:54:39 IST" duration-ms="496" status="PASS">
          <reporter-output>
          </reporter-output>
        </test-method> <!-- verifySearchWithInValidProduct -->
        <test-method is-config="true" signature="tearDown()[pri:0, instance:testcases.SearchTest@24aed80c]" started-at="2024-10-02T17:54:39 IST" name="tearDown" finished-at="2024-10-02T17:54:40 IST" duration-ms="166" status="PASS">
          <reporter-output>
          </reporter-output>
        </test-method> <!-- tearDown -->
        <test-method is-config="true" signature="setup()[pri:0, instance:testcases.SearchTest@24aed80c]" started-at="2024-10-02T17:54:40 IST" name="setup" finished-at="2024-10-02T17:54:42 IST" duration-ms="2026" status="PASS">
          <reporter-output>
          </reporter-output>
        </test-method> <!-- setup -->
        <test-method signature="verifySearchWithoutAnyProduct()[pri:3, instance:testcases.SearchTest@24aed80c]" started-at="2024-10-02T17:54:42 IST" name="verifySearchWithoutAnyProduct" finished-at="2024-10-02T17:54:42 IST" duration-ms="300" status="PASS">
          <reporter-output>
          </reporter-output>
        </test-method> <!-- verifySearchWithoutAnyProduct -->
        <test-method is-config="true" signature="tearDown()[pri:0, instance:testcases.SearchTest@24aed80c]" started-at="2024-10-02T17:54:42 IST" name="tearDown" finished-at="2024-10-02T17:54:42 IST" duration-ms="131" status="PASS">
          <reporter-output>
          </reporter-output>
        </test-method> <!-- tearDown -->
      </class> <!-- testcases.SearchTest -->
      <class name="testcases.LoginTest">
        <test-method is-config="true" signature="setup()[pri:0, instance:testcases.LoginTest@2aceadd4]" started-at="2024-10-02T17:54:06 IST" name="setup" finished-at="2024-10-02T17:54:09 IST" duration-ms="2939" status="PASS">
          <reporter-output>
          </reporter-output>
        </test-method> <!-- setup -->
        <test-method signature="verifyLoginWithValidCredentials(java.lang.String,java.lang.String)[pri:1, instance:testcases.LoginTest@2aceadd4]" started-at="2024-10-02T17:54:09 IST" name="verifyLoginWithValidCredentials" data-provider="ValidCredentialsSupplier" finished-at="2024-10-02T17:54:10 IST" duration-ms="942" status="PASS">
          <params>
            <param index="0">
              <value>
                <![CDATA[pvijayardalkar112297@gmail.com]]>
              </value>
            </param>
            <param index="1">
              <value>
                <![CDATA[12345]]>
              </value>
            </param>
          </params>
          <reporter-output>
          </reporter-output>
        </test-method> <!-- verifyLoginWithValidCredentials -->
        <test-method is-config="true" signature="tearDown()[pri:0, instance:testcases.LoginTest@2aceadd4]" started-at="2024-10-02T17:54:10 IST" name="tearDown" finished-at="2024-10-02T17:54:11 IST" duration-ms="243" status="PASS">
          <reporter-output>
          </reporter-output>
        </test-method> <!-- tearDown -->
        <test-method is-config="true" signature="setup()[pri:0, instance:testcases.LoginTest@2aceadd4]" started-at="2024-10-02T17:54:11 IST" name="setup" finished-at="2024-10-02T17:54:13 IST" duration-ms="2343" status="PASS">
          <reporter-output>
          </reporter-output>
        </test-method> <!-- setup -->
        <test-method signature="verifyLoginWithValidCredentials(java.lang.String,java.lang.String)[pri:1, instance:testcases.LoginTest@2aceadd4]" started-at="2024-10-02T17:54:13 IST" name="verifyLoginWithValidCredentials" data-provider="ValidCredentialsSupplier" finished-at="2024-10-02T17:54:14 IST" duration-ms="920" status="PASS">
          <params>
            <param index="0">
              <value>
                <![CDATA[piyagosh4561@gmail.com]]>
              </value>
            </param>
            <param index="1">
              <value>
                <![CDATA[12345]]>
              </value>
            </param>
          </params>
          <reporter-output>
          </reporter-output>
        </test-method> <!-- verifyLoginWithValidCredentials -->
        <test-method is-config="true" signature="tearDown()[pri:0, instance:testcases.LoginTest@2aceadd4]" started-at="2024-10-02T17:54:14 IST" name="tearDown" finished-at="2024-10-02T17:54:14 IST" duration-ms="190" status="PASS">
          <reporter-output>
          </reporter-output>
        </test-method> <!-- tearDown -->
        <test-method is-config="true" signature="setup()[pri:0, instance:testcases.LoginTest@2aceadd4]" started-at="2024-10-02T17:54:14 IST" name="setup" finished-at="2024-10-02T17:54:22 IST" duration-ms="7595" status="PASS">
          <reporter-output>
          </reporter-output>
        </test-method> <!-- setup -->
        <test-method signature="verifyLoginWithValidCredentials(java.lang.String,java.lang.String)[pri:1, instance:testcases.LoginTest@2aceadd4]" started-at="2024-10-02T17:54:22 IST" name="verifyLoginWithValidCredentials" data-provider="ValidCredentialsSupplier" finished-at="2024-10-02T17:54:23 IST" duration-ms="967" status="PASS">
          <params>
            <param index="0">
              <value>
                <![CDATA[vinkare@gmail.com]]>
              </value>
            </param>
            <param index="1">
              <value>
                <![CDATA[12345]]>
              </value>
            </param>
          </params>
          <reporter-output>
          </reporter-output>
        </test-method> <!-- verifyLoginWithValidCredentials -->
        <test-method is-config="true" signature="tearDown()[pri:0, instance:testcases.LoginTest@2aceadd4]" started-at="2024-10-02T17:54:23 IST" name="tearDown" finished-at="2024-10-02T17:54:23 IST" duration-ms="225" status="PASS">
          <reporter-output>
          </reporter-output>
        </test-method> <!-- tearDown -->
        <test-method is-config="true" signature="setup()[pri:0, instance:testcases.LoginTest@2aceadd4]" started-at="2024-10-02T17:54:23 IST" name="setup" finished-at="2024-10-02T17:54:25 IST" duration-ms="2560" status="PASS">
          <reporter-output>
          </reporter-output>
        </test-method> <!-- setup -->
        <test-method signature="verifyLoginWithInvalidCredentials()[pri:2, instance:testcases.LoginTest@2aceadd4]" started-at="2024-10-02T17:54:25 IST" name="verifyLoginWithInvalidCredentials" finished-at="2024-10-02T17:54:26 IST" duration-ms="895" status="PASS">
          <reporter-output>
          </reporter-output>
        </test-method> <!-- verifyLoginWithInvalidCredentials -->
        <test-method is-config="true" signature="tearDown()[pri:0, instance:testcases.LoginTest@2aceadd4]" started-at="2024-10-02T17:54:26 IST" name="tearDown" finished-at="2024-10-02T17:54:26 IST" duration-ms="243" status="PASS">
          <reporter-output>
          </reporter-output>
        </test-method> <!-- tearDown -->
        <test-method is-config="true" signature="setup()[pri:0, instance:testcases.LoginTest@2aceadd4]" started-at="2024-10-02T17:54:26 IST" name="setup" finished-at="2024-10-02T17:54:29 IST" duration-ms="2458" status="PASS">
          <reporter-output>
          </reporter-output>
        </test-method> <!-- setup -->
        <test-method signature="verifyLoginWithvalidEmailAndInvalidPassword()[pri:4, instance:testcases.LoginTest@2aceadd4]" started-at="2024-10-02T17:54:29 IST" name="verifyLoginWithvalidEmailAndInvalidPassword" finished-at="2024-10-02T17:54:30 IST" duration-ms="844" status="PASS">
          <reporter-output>
          </reporter-output>
        </test-method> <!-- verifyLoginWithvalidEmailAndInvalidPassword -->
        <test-method is-config="true" signature="tearDown()[pri:0, instance:testcases.LoginTest@2aceadd4]" started-at="2024-10-02T17:54:30 IST" name="tearDown" finished-at="2024-10-02T17:54:30 IST" duration-ms="191" status="PASS">
          <reporter-output>
          </reporter-output>
        </test-method> <!-- tearDown -->
        <test-method is-config="true" signature="setup()[pri:0, instance:testcases.LoginTest@2aceadd4]" started-at="2024-10-02T17:54:30 IST" name="setup" finished-at="2024-10-02T17:54:32 IST" duration-ms="2310" status="PASS">
          <reporter-output>
          </reporter-output>
        </test-method> <!-- setup -->
        <test-method signature="verifyLoginWithoutCredentials()[pri:5, instance:testcases.LoginTest@2aceadd4]" started-at="2024-10-02T17:54:32 IST" name="verifyLoginWithoutCredentials" finished-at="2024-10-02T17:54:33 IST" duration-ms="676" status="PASS">
          <reporter-output>
          </reporter-output>
        </test-method> <!-- verifyLoginWithoutCredentials -->
        <test-method is-config="true" signature="tearDown()[pri:0, instance:testcases.LoginTest@2aceadd4]" started-at="2024-10-02T17:54:33 IST" name="tearDown" finished-at="2024-10-02T17:54:33 IST" duration-ms="186" status="PASS">
          <reporter-output>
          </reporter-output>
        </test-method> <!-- tearDown -->
      </class> <!-- testcases.LoginTest -->
    </test> <!-- Automation Test Cases -->
  </suite> <!-- Automation Suite -->
</testng-results>
